Unity Editor version:    2021.3.13f1 (9e7d58001ecf)
Branch:                  2021.3/staging
Build type:              Release
Batch mode:              YES
macOS version:           Version 11.4 (Build 20F71)
Darwin version:          20.5.0
Architecture:            x86_64
Running under Rosetta:   NO
Available memory:        8192 MB
Using pre-set license
Pro License: YES

COMMAND LINE ARGUMENTS:
/Applications/Unity/Hub/Editor/2021.3.13f1/Unity.app/Contents/MacOS/Unity
-adb2
-batchMode
-noUpm
-name
AssetImportWorker0
-projectPath
/Users/andou/Documents/GitHub/jam
-logFile
Logs/AssetImportWorker0.log
-srvPort
56453
Successfully changed project path to: /Users/andou/Documents/GitHub/jam
/Users/andou/Documents/GitHub/jam
[UnityMemory] Configuration Parameters - Can be set up in boot.config
    "memorysetup-bucket-allocator-granularity=16"
    "memorysetup-bucket-allocator-bucket-count=8"
    "memorysetup-bucket-allocator-block-size=33554432"
    "memorysetup-bucket-allocator-block-count=8"
    "memorysetup-main-allocator-block-size=16777216"
    "memorysetup-thread-allocator-block-size=16777216"
    "memorysetup-gfx-main-allocator-block-size=16777216"
    "memorysetup-gfx-thread-allocator-block-size=16777216"
    "memorysetup-cache-allocator-block-size=4194304"
    "memorysetup-typetree-allocator-block-size=2097152"
    "memorysetup-profiler-bucket-allocator-granularity=16"
    "memorysetup-profiler-bucket-allocator-bucket-count=8"
    "memorysetup-profiler-bucket-allocator-block-size=33554432"
    "memorysetup-profiler-bucket-allocator-block-count=8"
    "memorysetup-profiler-allocator-block-size=16777216"
    "memorysetup-profiler-editor-allocator-block-size=1048576"
    "memorysetup-temp-allocator-size-main=16777216"
    "memorysetup-job-temp-allocator-block-size=2097152"
    "memorysetup-job-temp-allocator-block-size-background=1048576"
    "memorysetup-job-temp-allocator-reduction-small-platforms=262144"
    "memorysetup-temp-allocator-size-background-worker=32768"
    "memorysetup-temp-allocator-size-job-worker=262144"
    "memorysetup-temp-allocator-size-preload-manager=33554432"
    "memorysetup-temp-allocator-size-nav-mesh-worker=65536"
    "memorysetup-temp-allocator-size-audio-worker=65536"
    "memorysetup-temp-allocator-size-cloud-worker=32768"
    "memorysetup-temp-allocator-size-gi-baking-worker=262144"
    "memorysetup-temp-allocator-size-gfx=262144"
Refreshing native plugins compatible for Editor in 102.36 ms, found 2 plugins.
Preloading 0 native plugins for Editor in 0.00 ms.
Initialize engine version: 2021.3.13f1 (9e7d58001ecf)
[Subsystems] Discovering subsystems at path /Applications/Unity/Hub/Editor/2021.3.13f1/Unity.app/Contents/Resources/UnitySubsystems
[Subsystems] Discovering subsystems at path /Users/andou/Documents/GitHub/jam/Assets
GfxDevice: creating device client; threaded=0; jobified=0
Color LCD preferred device: Intel(R) Iris(TM) Plus Graphics 650 (low power)
Metal devices available: 1
0: Intel(R) Iris(TM) Plus Graphics 650 (low power)
Using device Intel(R) Iris(TM) Plus Graphics 650 (low power)
Initializing Metal device caps: Intel(R) Iris(TM) Plus Graphics 650
Initialize mono
Mono path[0] = '/Applications/Unity/Hub/Editor/2021.3.13f1/Unity.app/Contents/Managed'
Mono path[1] = '/Applications/Unity/Hub/Editor/2021.3.13f1/Unity.app/Contents/MonoBleedingEdge/lib/mono/unityjit-macos'
Mono config path = '/Applications/Unity/Hub/Editor/2021.3.13f1/Unity.app/Contents/MonoBleedingEdge/etc'
Using monoOptions --debugger-agent=transport=dt_socket,embedding=1,server=y,suspend=n,address=127.0.0.1:56272
Begin MonoManager ReloadAssembly
Registering precompiled unity dll's ...
Register platform support module: /Applications/Unity/Hub/Editor/2021.3.13f1/Unity.app/Contents/PlaybackEngines/MacStandaloneSupport/UnityEditor.OSXStandalone.Extensions.dll
Register platform support module: /Applications/Unity/Hub/Editor/2021.3.13f1/PlaybackEngines/iOSSupport/UnityEditor.iOS.Extensions.dll
Registered in 0.003087 seconds.
[usbmuxd] Start listen thread
[usbmuxd] Listen thread started
[usbmuxd] Send listen message
Native extension for iOS target not found
Native extension for OSXStandalone target not found
Refreshing native plugins compatible for Editor in 100.60 ms, found 2 plugins.
Preloading 0 native plugins for Editor in 0.00 ms.
Mono: successfully reloaded assembly
- Completed reload, in  1.358 seconds
Domain Reload Profiling:
	ReloadAssembly (1359ms)
		BeginReloadAssembly (422ms)
			ExecutionOrderSort (0ms)
			DisableScriptedObjects (0ms)
			BackupInstance (0ms)
			ReleaseScriptingObjects (0ms)
			CreateAndSetChildDomain (1ms)
		EndReloadAssembly (754ms)
			LoadAssemblies (423ms)
			RebuildTransferFunctionScriptingTraits (0ms)
			SetupTypeCache (175ms)
			ReleaseScriptCaches (0ms)
			RebuildScriptCaches (52ms)
			SetupLoadedEditorAssemblies (454ms)
				LogAssemblyErrors (0ms)
				InitializePlatformSupportModulesInManaged (82ms)
				SetLoadedEditorAssemblies (0ms)
				RefreshPlugins (101ms)
				BeforeProcessingInitializeOnLoad (1ms)
				ProcessInitializeOnLoadAttributes (188ms)
				ProcessInitializeOnLoadMethodAttributes (82ms)
				AfterProcessingInitializeOnLoad (0ms)
				EditorAssembliesLoaded (0ms)
			ExecutionOrderSort2 (0ms)
			AwakeInstancesAfterBackupRestoration (0ms)
Platform modules already initialized, skipping
Registering precompiled user dll's ...
Registered in 0.003958 seconds.
Begin MonoManager ReloadAssembly
Symbol file LoadedFromMemory doesn't match image /Users/andou/Documents/GitHub/jam/Library/PackageCache/com.unity.visualscripting@1.7.8/Editor/VisualScripting.Core/Dependencies/YamlDotNet/Unity.VisualScripting.YamlDotNet.dll
Symbol file LoadedFromMemory doesn't match image /Users/andou/Documents/GitHub/jam/Library/PackageCache/com.unity.visualscripting@1.7.8/Editor/VisualScripting.Core/Dependencies/DotNetZip/Unity.VisualScripting.IonicZip.dll
Native extension for iOS target not found
Native extension for OSXStandalone target not found
Refreshing native plugins compatible for Editor in 1.32 ms, found 2 plugins.
Preloading 0 native plugins for Editor in 0.00 ms.
Mono: successfully reloaded assembly
- Completed reload, in  2.537 seconds
Domain Reload Profiling:
	ReloadAssembly (2538ms)
		BeginReloadAssembly (210ms)
			ExecutionOrderSort (0ms)
			DisableScriptedObjects (13ms)
			BackupInstance (0ms)
			ReleaseScriptingObjects (0ms)
			CreateAndSetChildDomain (64ms)
		EndReloadAssembly (2085ms)
			LoadAssemblies (424ms)
			RebuildTransferFunctionScriptingTraits (0ms)
			SetupTypeCache (565ms)
			ReleaseScriptCaches (1ms)
			RebuildScriptCaches (161ms)
			SetupLoadedEditorAssemblies (726ms)
				LogAssemblyErrors (0ms)
				InitializePlatformSupportModulesInManaged (97ms)
				SetLoadedEditorAssemblies (1ms)
				RefreshPlugins (1ms)
				BeforeProcessingInitializeOnLoad (191ms)
				ProcessInitializeOnLoadAttributes (376ms)
				ProcessInitializeOnLoadMethodAttributes (58ms)
				AfterProcessingInitializeOnLoad (2ms)
				EditorAssembliesLoaded (0ms)
			ExecutionOrderSort2 (0ms)
			AwakeInstancesAfterBackupRestoration (5ms)
Platform modules already initialized, skipping
========================================================================
Worker process is ready to serve import requests
Launching external process: /Applications/Unity/Hub/Editor/2021.3.13f1/Unity.app/Contents/Tools/UnityShaderCompiler
Launched and connected shader compiler UnityShaderCompiler after 0.06 seconds
Refreshing native plugins compatible for Editor in 1.00 ms, found 2 plugins.
Preloading 0 native plugins for Editor in 0.00 ms.
Unloading 3380 Unused Serialized files (Serialized files now loaded: 0)
Unloading 29 unused Assets / (159.8 KB). Loaded Objects now: 3841.
Memory consumption went from 234.2 MB to 234.1 MB.
Total: 4.510529 ms (FindLiveObjects: 0.347063 ms CreateObjectMapping: 0.255442 ms MarkObjects: 3.758698 ms  DeleteObjects: 0.148039 ms)

AssetImportParameters requested are different than current active one (requested -> active):
  custom:video-decoder-ogg-theora: a1e56fd34408186e4bbccfd4996cb3dc -> 
  custom:container-muxer-webm: aa71ff27fc2769a1b78a27578f13a17b -> 
  custom:container-demuxer-webm: 4f35f7cbe854078d1ac9338744f61a02 -> 
  custom:video-encoder-webm-vp8: eb34c28f22e8b96e1ab97ce403110664 -> 
  custom:framework-osx-AVFoundation: e770b220cccbd017edd2c1fefb359320 -> 
  custom:audio-encoder-webm-vorbis: bf7c407c2cedff20999df2af8eb42d56 -> 
  custom:container-demuxer-ogg: 62fdf1f143b41e24485cea50d1cbac27 -> 
  custom:video-decoder-webm-vp8: 9c59270c3fd7afecdb556c50c9e8de78 -> 
  custom:audio-decoder-ogg-vorbis: bf7c407c2cedff20999df2af8eb42d56 -> 
========================================================================
Received Import Request.
  Time since last request: 229247.714937 seconds.
  path: Assets/Fonts/new
  artifactKey: Guid(7eaa40ed512424d0c8049df4a4f69150) Importer(815301076,1909f56bfc062723c751e8b465ee728b)
Start importing Assets/Fonts/new using Guid(7eaa40ed512424d0c8049df4a4f69150) Importer(815301076,1909f56bfc062723c751e8b465ee728b)  -> (artifact id: '91ffd23f01873ab385ad6c4d511f7447') in 0.009295 seconds 
========================================================================
Received Import Request.
  Time since last request: 17.466875 seconds.
  path: Assets/Fonts/NotoSansJP-Black SDF 1.asset
  artifactKey: Guid(eae071f88957849298dc4d1d01bb7eb8) Importer(815301076,1909f56bfc062723c751e8b465ee728b)
Start importing Assets/Fonts/NotoSansJP-Black SDF 1.asset using Guid(eae071f88957849298dc4d1d01bb7eb8) Importer(815301076,1909f56bfc062723c751e8b465ee728b)  -> (artifact id: '066e7522226246431c155e5b01b36a88') in 1.777833 seconds 
========================================================================
Received Import Request.
  Time since last request: 1849.924503 seconds.
  path: Assets/Fonts/new/NotoSansJP-Black SDF.asset
  artifactKey: Guid(8ecda1fb007e24f72a068b8dbda942c7) Importer(815301076,1909f56bfc062723c751e8b465ee728b)
Start importing Assets/Fonts/new/NotoSansJP-Black SDF.asset using Guid(8ecda1fb007e24f72a068b8dbda942c7) Importer(815301076,1909f56bfc062723c751e8b465ee728b)  -> (artifact id: '8a4d981a8f596e9c7ffe5023dbfb3494') in 0.362942 seconds 
========================================================================
Received Import Request.
  Time since last request: 610.032177 seconds.
  path: Assets/Fonts/new/NotoSansJP-Bold SDF.asset
  artifactKey: Guid(63b3cc17e855e4970a4750ee2cd5024a) Importer(815301076,1909f56bfc062723c751e8b465ee728b)
Start importing Assets/Fonts/new/NotoSansJP-Bold SDF.asset using Guid(63b3cc17e855e4970a4750ee2cd5024a) Importer(815301076,1909f56bfc062723c751e8b465ee728b)  -> (artifact id: '7c333c4d0d483deedafa923cf05dc0c1') in 0.522130 seconds 
========================================================================
Received Import Request.
  Time since last request: 0.000606 seconds.
  path: Assets/Fonts/new/NotoSansJP-Regular SDF.asset
  artifactKey: Guid(e2f0228b752104f689c791d7d858786f) Importer(815301076,1909f56bfc062723c751e8b465ee728b)
Start importing Assets/Fonts/new/NotoSansJP-Regular SDF.asset using Guid(e2f0228b752104f689c791d7d858786f) Importer(815301076,1909f56bfc062723c751e8b465ee728b)  -> (artifact id: 'a636643fe1de7e8fe02a29356ddb46f6') in 0.379794 seconds 
========================================================================
Received Import Request.
  Time since last request: 0.000086 seconds.
  path: Assets/Fonts/new/NotoSansJP-Thin SDF.asset
  artifactKey: Guid(5cfd5ebbe7e944dafa4cbfd27204ffe3) Importer(815301076,1909f56bfc062723c751e8b465ee728b)
Start importing Assets/Fonts/new/NotoSansJP-Thin SDF.asset using Guid(5cfd5ebbe7e944dafa4cbfd27204ffe3) Importer(815301076,1909f56bfc062723c751e8b465ee728b)  -> (artifact id: '644e0a71feb3c38f79efda10157032b7') in 0.455268 seconds 
========================================================================
Received Import Request.
  Time since last request: 0.000273 seconds.
  path: Assets/Fonts/new/NotoSansJP-Medium SDF.asset
  artifactKey: Guid(0e1d11b8287be4782b969755d73668d3) Importer(815301076,1909f56bfc062723c751e8b465ee728b)
Start importing Assets/Fonts/new/NotoSansJP-Medium SDF.asset using Guid(0e1d11b8287be4782b969755d73668d3) Importer(815301076,1909f56bfc062723c751e8b465ee728b)  -> (artifact id: 'ec9d2b4916df7c35e6b37b36e88a5e94') in 0.370314 seconds 
========================================================================
Received Import Request.
  Time since last request: 0.000110 seconds.
  path: Assets/Fonts/new/NotoSansJP-Light SDF.asset
  artifactKey: Guid(94ab00165f2434f53984071df33e4ba7) Importer(815301076,1909f56bfc062723c751e8b465ee728b)
Start importing Assets/Fonts/new/NotoSansJP-Light SDF.asset using Guid(94ab00165f2434f53984071df33e4ba7) Importer(815301076,1909f56bfc062723c751e8b465ee728b)  -> (artifact id: 'ca1b83a6cdedc4068128605049391c0c') in 0.335992 seconds 
